<?xml version="1.0" encoding="UTF-8"?>
<!-- Generated by org.testng.reporters.JUnitReportReporter -->
<testsuite hostname="DESKTOP-9538315" failures="0" tests="1" name="MercurytoursTestscenerios.Mercury_TC2_Login" time="10.151" errors="0" timestamp="2023-11-08T19:16:40 IST" skipped="0">
  <testcase classname="MercurytoursTestscenerios.Mercury_TC2_Login" name="Loginpage" time="10.151"/>
</testsuite> <!-- MercurytoursTestscenerios.Mercury_TC2_Login -->
